
❯ ./configure --prefix=/opt/lighttpd \                                                                   master ◼
>   --with-openssl=/opt/openssl \
>   --with-openssl-includes=/opt/openssl/include \
>   --with-openssl-libs=/opt/openssl/lib \
>   --with-libev=/opt/libev \
>   --with-mysql=/opt/mysql/bin/mysql_config \
>   --with-lua=/opt/lua \
>   --with-dbi=/opt/libdbi \
>   CFLAGS=-I/opt/lua/include \
>   LDFLAGS=-L/opt/lua/lib
checking build system type... x86_64-pc-linux-gnu
checking host system type... x86_64-pc-linux-gnu
checking for a BSD-compatible install... /usr/bin/install -c
checking whether build environment is sane... yes
checking for a thread-safe mkdir -p... /usr/bin/mkdir -p
checking for gawk... no
checking for mawk... mawk
checking whether make sets $(MAKE)... yes
checking whether make supports nested variables... yes
checking whether UID '0' is supported by ustar format... yes
checking whether GID '0' is supported by ustar format... yes
checking how to create a ustar tar archive... gnutar
checking for gcc... gcc
checking whether the C compiler works... yes
checking for C compiler default output file name... a.out
checking for suffix of executables... 
checking whether we are cross compiling... no
checking for suffix of object files... o
checking whether we are using the GNU C compiler... yes
checking whether gcc accepts -g... yes
checking for gcc option to accept ISO C89... none needed
checking whether gcc understands -c and -o together... yes
checking whether make supports the include directive... yes (GNU style)
checking dependency style of gcc... gcc3
checking for gcc option to accept ISO C99... none needed
checking for gcc option to accept ISO Standard C... (cached) none needed
checking how to run the C preprocessor... gcc -E
checking for gcc... gcc
checking whether we are using the GNU C compiler... (cached) yes
checking whether gcc accepts -g... yes
checking for gcc option to accept ISO C89... (cached) none needed
checking whether gcc understands -c and -o together... (cached) yes
checking dependency style of gcc... (cached) gcc3
checking how to run the C preprocessor... gcc -E
checking for a sed that does not truncate output... /usr/bin/sed
checking for grep that handles long lines and -e... /usr/bin/grep
checking for egrep... /usr/bin/grep -E
checking for fgrep... /usr/bin/grep -F
checking how to print strings... printf
checking for ld used by gcc... /usr/bin/ld
checking if the linker (/usr/bin/ld) is GNU ld... yes
checking how to run the C preprocessor... gcc -E
checking whether make sets $(MAKE)... (cached) yes
checking for ANSI C header files... yes
checking for sys/types.h... yes
checking for sys/stat.h... yes
checking for stdlib.h... yes
checking for string.h... yes
checking for memory.h... yes
checking for strings.h... yes
checking for inttypes.h... yes
checking for stdint.h... yes
checking for unistd.h... yes
checking minix/config.h usability... no
checking minix/config.h presence... no
checking for minix/config.h... no
checking whether it is safe to define __EXTENSIONS__... yes
checking for ar... ar
checking the archiver (ar) interface... ar
checking for BSD- or MS-compatible name lister (nm)... /usr/bin/nm -B
checking the name lister (/usr/bin/nm -B) interface... BSD nm
checking whether ln -s works... yes
checking the maximum length of command line arguments... 1572864
checking how to convert x86_64-pc-linux-gnu file names to x86_64-pc-linux-gnu format... func_convert_file_noop
checking how to convert x86_64-pc-linux-gnu file names to toolchain format... func_convert_file_noop
checking for /usr/bin/ld option to reload object files... -r
checking for objdump... objdump
checking how to recognize dependent libraries... pass_all
checking for dlltool... no
checking how to associate runtime and link libraries... printf %s\n
checking for archiver @FILE support... @
checking for strip... strip
checking for ranlib... ranlib
checking command to parse /usr/bin/nm -B output from gcc object... ok
checking for sysroot... no
checking for a working dd... /usr/bin/dd
checking how to truncate binary pipes... /usr/bin/dd bs=4096 count=1
checking for mt... mt
checking if mt is a manifest tool... no
checking for dlfcn.h... yes
checking for objdir... .libs
checking if gcc supports -fno-rtti -fno-exceptions... no
checking for gcc option to produce PIC... -fPIC -DPIC
checking if gcc PIC flag -fPIC -DPIC works... yes
checking if gcc static flag -static works... yes
checking if gcc supports -c -o file.o... yes
checking if gcc supports -c -o file.o... (cached) yes
checking whether the gcc linker (/usr/bin/ld -m elf_x86_64) supports shared libraries... yes
checking whether -lc should be explicitly linked in... no
checking dynamic linker characteristics... GNU/Linux ld.so
checking how to hardcode library paths into programs... immediate
checking for shl_load... no
checking for shl_load in -ldld... no
checking for dlopen... no
checking for dlopen in -ldl... yes
checking whether a program can dlopen itself... yes
checking whether a statically linked program can dlopen itself... no
checking whether stripping libraries is possible... yes
checking if libtool supports shared libraries... yes
checking whether to build shared libraries... yes
checking whether to build static libraries... no
checking for ANSI C header files... (cached) yes
checking for sys/wait.h that is POSIX.1 compatible... yes
checking getopt.h usability... yes
checking getopt.h presence... yes
checking for getopt.h... yes
checking poll.h usability... yes
checking poll.h presence... yes
checking for poll.h... yes
checking port.h usability... no
checking port.h presence... no
checking for port.h... no
checking pwd.h usability... yes
checking pwd.h presence... yes
checking for pwd.h... yes
checking for stdlib.h... (cached) yes
checking for strings.h... (cached) yes
checking sys/devpoll.h usability... no
checking sys/devpoll.h presence... no
checking for sys/devpoll.h... no
checking sys/epoll.h usability... yes
checking sys/epoll.h presence... yes
checking for sys/epoll.h... yes
checking sys/event.h usability... no
checking sys/event.h presence... no
checking for sys/event.h... no
checking sys/filio.h usability... no
checking sys/filio.h presence... no
checking for sys/filio.h... no
checking sys/loadavg.h usability... no
checking sys/loadavg.h presence... no
checking for sys/loadavg.h... no
checking sys/mman.h usability... yes
checking sys/mman.h presence... yes
checking for sys/mman.h... yes
checking sys/poll.h usability... yes
checking sys/poll.h presence... yes
checking for sys/poll.h... yes
checking sys/prctl.h usability... yes
checking sys/prctl.h presence... yes
checking for sys/prctl.h... yes
checking sys/resource.h usability... yes
checking sys/resource.h presence... yes
checking for sys/resource.h... yes
checking sys/select.h usability... yes
checking sys/select.h presence... yes
checking for sys/select.h... yes
checking sys/sendfile.h usability... yes
checking sys/sendfile.h presence... yes
checking for sys/sendfile.h... yes
checking sys/time.h usability... yes
checking sys/time.h presence... yes
checking for sys/time.h... yes
checking sys/uio.h usability... yes
checking sys/uio.h presence... yes
checking for sys/uio.h... yes
checking sys/un.h usability... yes
checking sys/un.h presence... yes
checking for sys/un.h... yes
checking syslog.h usability... yes
checking syslog.h presence... yes
checking for syslog.h... yes
checking uuid/uuid.h usability... no
checking uuid/uuid.h presence... no
checking for uuid/uuid.h... no
checking for an ANSI C-conforming const... yes
checking for inline... inline
checking for off_t... yes
checking for pid_t... yes
checking for size_t... yes
checking for struct tm.tm_gmtoff... yes
checking for socklen_t... yes
checking for library containing socket... none required
checking for library containing gethostbyname... none required
checking for library containing accept... none required
checking for library containing clock_gettime... none required
checking for library containing elftc_copyfile... no
checking for library containing dlopen... -ldl
checking for dlfcn.h... (cached) yes
checking for pkg-config... /usr/bin/pkg-config
checking pkg-config is at least version 0.9.0... yes
configure: ----------------------------------------
checking for libev support... /opt/libev
checking for LIBEV... no
configure: ----------------------------------------
checking for MySQL support... /opt/mysql/bin/mysql_config
checking for MySQL includes at... -I/opt/mysql/include
checking for MySQL libraries at... -L/opt/mysql/lib -lmysqlclient -lpthread -lm -lrt -latomic -ldl
configure: ----------------------------------------
checking for PgSQL support... no
configure: ----------------------------------------
checking for LibDBI support... /opt/libdbi
configure: ----------------------------------------
checking for LibSASL support... no
configure: ----------------------------------------
checking for LDAP support... no
configure: ----------------------------------------
checking for PAM support... /opt/libdbi
configure: ----------------------------------------
checking for extended attributes support... no
configure: ----------------------------------------
checking for valgrind... no
configure: ----------------------------------------
checking for libunwind... no
configure: ----------------------------------------
checking for kerberos5... no
checking custom include directory for kerberos5... no
checking custom lib directory for kerberos5... no
configure: ----------------------------------------
checking for OpenSSL... /opt/openssl
checking custom include directory for openssl... /opt/openssl/include
checking custom lib directory for openssl... /opt/openssl/lib
checking openssl/ssl.h usability... yes
checking openssl/ssl.h presence... yes
checking for openssl/ssl.h... yes
checking for BIO_f_base64 in -lcrypto... yes
checking for SSL_new in -lssl... yes
configure: ----------------------------------------
checking for wolfSSL... no
configure: ----------------------------------------
checking for perl regular expressions support... yes
checking for pcre-config... /opt/pcre/bin/pcre-config
configure: ----------------------------------------
checking for zlib support... yes
checking zlib.h usability... yes
checking zlib.h presence... yes
checking for zlib.h... yes
checking for deflate in -lz... yes
configure: ----------------------------------------
checking for bzip2 support... yes
checking bzlib.h usability... yes
checking bzlib.h presence... yes
checking for bzlib.h... yes
checking for BZ2_bzCompress in -lbz2... yes
configure: ----------------------------------------
checking for FAM... no
configure: ----------------------------------------
checking for properties in mod_webdav... no
configure: ----------------------------------------
checking for locks in mod_webdav... no
configure: ----------------------------------------
checking for gdbm... no
configure: ----------------------------------------
checking for GeoIP... no
configure: ----------------------------------------
checking for maxminddb... no
configure: ----------------------------------------
checking for memcached... no
configure: ----------------------------------------
checking if lua-support is requested... /opt/lua
checking for LUA... no
configure: Couldn\'t find requested lua pkg-config module /opt/lua
configure: ----------------------------------------
checking for library containing crypt_r... -lcrypt
checking crypt.h usability... yes
checking crypt.h presence... yes
checking for crypt.h... yes
checking crypt_r/crypt support... crypt_r
configure: ----------------------------------------
checking for library containing sendfilev... no
checking solaris sendfilev present... no
configure: ----------------------------------------
checking for arc4random_buf... no
checking for chroot... yes
checking for clock_gettime... yes
checking for epoll_ctl... yes
checking for explicit_bzero... yes
checking for explicit_memset... no
checking for fork... yes
checking for getloadavg... yes
checking for getrlimit... yes
checking for getuid... yes
checking for gmtime_r... yes
checking for inet_pton... yes
checking for issetugid... no
checking for jrand48... yes
checking for kqueue... no
checking for localtime_r... yes
checking for lstat... yes
checking for madvise... yes
checking for memset... yes
checking for memset_s... no
checking for mmap... yes
checking for pathconf... yes
checking for pipe2... yes
checking for poll... yes
checking for port_create... no
checking for select... yes
checking for send_file... no
checking for sendfile... yes
checking for sendfile64... yes
checking for sigaction... yes
checking for signal... yes
checking for srandom... yes
checking for writev... yes
checking sys/random.h usability... yes
checking sys/random.h presence... yes
checking for sys/random.h... yes
checking for getentropy... yes
checking linux/random.h usability... yes
checking linux/random.h presence... yes
checking for linux/random.h... yes
checking for getrandom... yes
configure: ----------------------------------------
checking if weak symbols are supported... yes
configure: ----------------------------------------
checking for Large File System support... yes
configure: ----------------------------------------
checking if sendfile works... yes
configure: ----------------------------------------
checking for IPv6 support... yes
configure: ----------------------------------------
checking use mmap if available... false
configure: ----------------------------------------
checking for FCGI_Accept in -lfcgi... no
configure: ----------------------------------------
checking if gcc supports -Wall -W -Wshadow -pedantic... yes
checking that generated files are newer than configure... done
configure: creating ./config.status
config.status: creating distribute.sh
config.status: creating doc/config/conf.d/Makefile
config.status: creating doc/config/Makefile
config.status: creating doc/config/vhosts.d/Makefile
config.status: creating doc/Makefile
config.status: creating doc/outdated/Makefile
config.status: creating doc/scripts/Makefile
config.status: creating doc/systemd/Makefile
config.status: creating Makefile
config.status: creating src/Makefile
config.status: creating tests/docroot/123/Makefile
config.status: creating tests/docroot/Makefile
config.status: creating tests/docroot/www/expire/Makefile
config.status: creating tests/docroot/www/go/Makefile
config.status: creating tests/docroot/www/indexfile/Makefile
config.status: creating tests/docroot/www/Makefile
config.status: creating tests/Makefile
config.status: creating config.h
config.status: executing depfiles commands
config.status: executing libtool commands

Plugins:

enabled: 
  mod_access
  mod_accesslog
  mod_alias
  mod_auth
  mod_authn_file
  mod_authn_mysql
  mod_cgi
  mod_cml
  mod_compress
  mod_deflate
  mod_dirlisting
  mod_evhost
  mod_expire
  mod_extforward
  mod_fastcgi
  mod_flv_streaming
  mod_indexfile
  mod_magnet
  mod_mysql_vhost
  mod_openssl
  mod_proxy
  mod_redirect
  mod_rewrite
  mod_rrdtool
  mod_scgi
  mod_secdownload
  mod_setenv
  mod_simple_vhost
  mod_sockproxy
  mod_ssi
  mod_staticfile
  mod_status
  mod_userdir
  mod_usertrack
  mod_vhostdb
  mod_vhostdb_dbi
  mod_vhostdb_mysql
  mod_webdav
  mod_wstunnel
disabled: 
  mod_authn_gssapi
  mod_authn_ldap
  mod_authn_pam
  mod_geoip
  mod_maxminddb
  mod_trigger_b4_dl
  mod_vhostdb_ldap
  mod_vhostdb_pgsql

Features:

enabled: 
  auth-crypt
  compress-bzip2
  compress-deflate
  compress-gzip
  dbi
  large-files
  lua
  mysql
  network-ipv6
  network-openssl
  regex-conditionals
disabled: 
  geoip
  kerberos
  ldap
  maxminddb
  pam
  postgresql
  stat-cache-fam
  storage-gdbm
  storage-memcached
  webdav-locks
  webdav-properties

